# JRE version: OpenJDK Runtime Environment (8.0_152-b01) (build 1.8.0_152-release-1248-b01)
# Java VM: OpenJDK 64-Bit Server VM (25.152-b01 mixed mode windows-amd64 compressed oops)
Heap:
 PSYoungGen      total 204800K, used 79950K [0x00000000e0000000, 0x00000000f0a00000, 0x0000000100000000)
  eden space 184832K, 32% used [0x00000000e0000000,0x00000000e3a9aef0,0x00000000eb480000)
  from space 19968K, 99% used [0x00000000eb480000,0x00000000ec7f8b08,0x00000000ec800000)
  to   space 24576K, 0% used [0x00000000ef200000,0x00000000ef200000,0x00000000f0a00000)
 ParOldGen       total 121856K, used 39037K [0x00000000a0000000, 0x00000000a7700000, 0x00000000e0000000)
  object space 121856K, 32% used [0x00000000a0000000,0x00000000a261f550,0x00000000a7700000)
 Metaspace       used 65874K, capacity 67886K, committed 68144K, reserved 1107968K
  class space    used 8904K, capacity 9403K, committed 9520K, reserved 1048576K
GC Heap History (10 events):
Event: 11.562 GC heap before
{Heap before GC invocations=12 (full 2):
 PSYoungGen      total 115200K, used 104448K [0x00000000e0000000, 0x00000000ea100000, 0x0000000100000000)
  eden space 104448K, 100% used [0x00000000e0000000,0x00000000e6600000,0x00000000e6600000)
  from space 10752K, 0% used [0x00000000e6600000,0x00000000e6600000,0x00000000e7080000)
  to   space 11776K, 0% used [0x00000000e9580000,0x00000000e9580000,0x00000000ea100000)
 ParOldGen       total 78848K, used 16867K [0x00000000a0000000, 0x00000000a4d00000, 0x00000000e0000000)
  object space 78848K, 21% used [0x00000000a0000000,0x00000000a1078c08,0x00000000a4d00000)
 Metaspace       used 42514K, capacity 43362K, committed 43568K, reserved 1087488K
  class space    used 5764K, capacity 6106K, committed 6192K, reserved 1048576K
Event: 11.577 GC heap after
Heap after GC invocations=12 (full 2):
 PSYoungGen      total 150528K, used 11756K [0x00000000e0000000, 0x00000000ea400000, 0x0000000100000000)
  eden space 138752K, 0% used [0x00000000e0000000,0x00000000e0000000,0x00000000e8780000)
  from space 11776K, 99% used [0x00000000e9580000,0x00000000ea0fb138,0x00000000ea100000)
  to   space 14336K, 0% used [0x00000000e8780000,0x00000000e8780000,0x00000000e9580000)
 ParOldGen       total 78848K, used 20369K [0x00000000a0000000, 0x00000000a4d00000, 0x00000000e0000000)
  object space 78848K, 25% used [0x00000000a0000000,0x00000000a13e4480,0x00000000a4d00000)
 Metaspace       used 42514K, capacity 43362K, committed 43568K, reserved 1087488K
  class space    used 5764K, capacity 6106K, committed 6192K, reserved 1048576K
}
Event: 14.215 GC heap before
{Heap before GC invocations=13 (full 2):
 PSYoungGen      total 150528K, used 150508K [0x00000000e0000000, 0x00000000ea400000, 0x0000000100000000)
  eden space 138752K, 100% used [0x00000000e0000000,0x00000000e8780000,0x00000000e8780000)
  from space 11776K, 99% used [0x00000000e9580000,0x00000000ea0fb138,0x00000000ea100000)
  to   space 14336K, 0% used [0x00000000e8780000,0x00000000e8780000,0x00000000e9580000)
 ParOldGen       total 78848K, used 20369K [0x00000000a0000000, 0x00000000a4d00000, 0x00000000e0000000)
  object space 78848K, 25% used [0x00000000a0000000,0x00000000a13e4480,0x00000000a4d00000)
 Metaspace       used 55214K, capacity 56548K, committed 56880K, reserved 1097728K
  class space    used 7520K, capacity 7904K, committed 7984K, reserved 1048576K
Event: 14.246 GC heap after
Heap after GC invocations=13 (full 2):
 PSYoungGen      total 153088K, used 14332K [0x00000000e0000000, 0x00000000edb80000, 0x0000000100000000)
  eden space 138752K, 0% used [0x00000000e0000000,0x00000000e0000000,0x00000000e8780000)
  from space 14336K, 99% used [0x00000000e8780000,0x00000000e957f348,0x00000000e9580000)
  to   space 19968K, 0% used [0x00000000ec800000,0x00000000ec800000,0x00000000edb80000)
 ParOldGen       total 78848K, used 30941K [0x00000000a0000000, 0x00000000a4d00000, 0x00000000e0000000)
  object space 78848K, 39% used [0x00000000a0000000,0x00000000a1e37508,0x00000000a4d00000)
 Metaspace       used 55214K, capacity 56548K, committed 56880K, reserved 1097728K
  class space    used 7520K, capacity 7904K, committed 7984K, reserved 1048576K
}
Event: 14.773 GC heap before
{Heap before GC invocations=14 (full 2):
 PSYoungGen      total 153088K, used 55664K [0x00000000e0000000, 0x00000000edb80000, 0x0000000100000000)
  eden space 138752K, 29% used [0x00000000e0000000,0x00000000e285ce18,0x00000000e8780000)
  from space 14336K, 99% used [0x00000000e8780000,0x00000000e957f348,0x00000000e9580000)
  to   space 19968K, 0% used [0x00000000ec800000,0x00000000ec800000,0x00000000edb80000)
 ParOldGen       total 78848K, used 30941K [0x00000000a0000000, 0x00000000a4d00000, 0x00000000e0000000)
  object space 78848K, 39% used [0x00000000a0000000,0x00000000a1e37508,0x00000000a4d00000)
 Metaspace       used 57378K, capacity 59050K, committed 59160K, reserved 1099776K
  class space    used 7881K, capacity 8342K, committed 8368K, reserved 1048576K
Event: 14.782 GC heap after
Heap after GC invocations=14 (full 2):
 PSYoungGen      total 204800K, used 4263K [0x00000000e0000000, 0x00000000edd00000, 0x0000000100000000)
  eden space 184832K, 0% used [0x00000000e0000000,0x00000000e0000000,0x00000000eb480000)
  from space 19968K, 21% used [0x00000000ec800000,0x00000000ecc29e00,0x00000000edb80000)
  to   space 19968K, 0% used [0x00000000eb480000,0x00000000eb480000,0x00000000ec800000)
 ParOldGen       total 78848K, used 37568K [0x00000000a0000000, 0x00000000a4d00000, 0x00000000e0000000)
  object space 78848K, 47% used [0x00000000a0000000,0x00000000a24b0220,0x00000000a4d00000)
 Metaspace       used 57378K, capacity 59050K, committed 59160K, reserved 1099776K
  class space    used 7881K, capacity 8342K, committed 8368K, reserved 1048576K
}
Event: 14.782 GC heap before
{Heap before GC invocations=15 (full 3):
 PSYoungGen      total 204800K, used 4263K [0x00000000e0000000, 0x00000000edd00000, 0x0000000100000000)
  eden space 184832K, 0% used [0x00000000e0000000,0x00000000e0000000,0x00000000eb480000)
  from space 19968K, 21% used [0x00000000ec800000,0x00000000ecc29e00,0x00000000edb80000)
  to   space 19968K, 0% used [0x00000000eb480000,0x00000000eb480000,0x00000000ec800000)
 ParOldGen       total 78848K, used 37568K [0x00000000a0000000, 0x00000000a4d00000, 0x00000000e0000000)
  object space 78848K, 47% used [0x00000000a0000000,0x00000000a24b0220,0x00000000a4d00000)
 Metaspace       used 57378K, capacity 59050K, committed 59160K, reserved 1099776K
  class space    used 7881K, capacity 8342K, committed 8368K, reserved 1048576K
Event: 15.000 GC heap after
Heap after GC invocations=15 (full 3):
 PSYoungGen      total 204800K, used 0K [0x00000000e0000000, 0x00000000edd00000, 0x0000000100000000)
  eden space 184832K, 0% used [0x00000000e0000000,0x00000000e0000000,0x00000000eb480000)
  from space 19968K, 0% used [0x00000000ec800000,0x00000000ec800000,0x00000000edb80000)
  to   space 19968K, 0% used [0x00000000eb480000,0x00000000eb480000,0x00000000ec800000)
 ParOldGen       total 121856K, used 33998K [0x00000000a0000000, 0x00000000a7700000, 0x00000000e0000000)
  object space 121856K, 27% used [0x00000000a0000000,0x00000000a2133918,0x00000000a7700000)
 Metaspace       used 57378K, capacity 59050K, committed 59160K, reserved 1099776K
  class space    used 7881K, capacity 8342K, committed 8368K, reserved 1048576K
}
Event: 29.834 GC heap before
{Heap before GC invocations=16 (full 3):
 PSYoungGen      total 204800K, used 184832K [0x00000000e0000000, 0x00000000edd00000, 0x0000000100000000)
  eden space 184832K, 100% used [0x00000000e0000000,0x00000000eb480000,0x00000000eb480000)
  from space 19968K, 0% used [0x00000000ec800000,0x00000000ec800000,0x00000000edb80000)
  to   space 19968K, 0% used [0x00000000eb480000,0x00000000eb480000,0x00000000ec800000)
 ParOldGen       total 121856K, used 33998K [0x00000000a0000000, 0x00000000a7700000, 0x00000000e0000000)
  object space 121856K, 27% used [0x00000000a0000000,0x00000000a2133918,0x00000000a7700000)
 Metaspace       used 65007K, capacity 66990K, committed 67248K, reserved 1107968K
  class space    used 8812K, capacity 9325K, committed 9392K, reserved 1048576K
Event: 29.854 GC heap after
Heap after GC invocations=16 (full 3):
 PSYoungGen      total 204800K, used 19938K [0x00000000e0000000, 0x00000000f0a00000, 0x0000000100000000)
  eden space 184832K, 0% used [0x00000000e0000000,0x00000000e0000000,0x00000000eb480000)
  from space 19968K, 99% used [0x00000000eb480000,0x00000000ec7f8b08,0x00000000ec800000)
  to   space 24576K, 0% used [0x00000000ef200000,0x00000000ef200000,0x00000000f0a00000)
 ParOldGen       total 121856K, used 39037K [0x00000000a0000000, 0x00000000a7700000, 0x00000000e0000000)
  object space 121856K, 32% used [0x00000000a0000000,0x00000000a261f550,0x00000000a7700000)
 Metaspace       used 65007K, capacity 66990K, committed 67248K, reserved 1107968K
  class space    used 8812K, capacity 9325K, committed 9392K, reserved 1048576K
}

