# JRE version: OpenJDK Runtime Environment (8.0_152-b01) (build 1.8.0_152-release-1248-b01)
# Java VM: OpenJDK 64-Bit Server VM (25.152-b01 mixed mode windows-amd64 compressed oops)
Heap:
 PSYoungGen      total 68608K, used 59050K [0x00000000e0000000, 0x00000000e8180000, 0x0000000100000000)
  eden space 63488K, 84% used [0x00000000e0000000,0x00000000e34afb40,0x00000000e3e00000)
  from space 5120K, 99% used [0x00000000e3e00000,0x00000000e42fade0,0x00000000e4300000)
  to   space 12288K, 0% used [0x00000000e7580000,0x00000000e7580000,0x00000000e8180000)
 ParOldGen       total 69632K, used 11466K [0x00000000a0000000, 0x00000000a4400000, 0x00000000e0000000)
  object space 69632K, 16% used [0x00000000a0000000,0x00000000a0b32bd8,0x00000000a4400000)
 Metaspace       used 29962K, capacity 30438K, committed 30592K, reserved 1075200K
  class space    used 4194K, capacity 4372K, committed 4480K, reserved 1048576K
GC Heap History (10 events):
Event: 1.391 GC heap before
{Heap before GC invocations=2 (full 0):
 PSYoungGen      total 36864K, used 35865K [0x00000000e0000000, 0x00000000e4800000, 0x0000000100000000)
  eden space 31744K, 100% used [0x00000000e0000000,0x00000000e1f00000,0x00000000e1f00000)
  from space 5120K, 80% used [0x00000000e1f00000,0x00000000e2306668,0x00000000e2400000)
  to   space 5120K, 0% used [0x00000000e4300000,0x00000000e4300000,0x00000000e4800000)
 ParOldGen       total 84992K, used 8K [0x00000000a0000000, 0x00000000a5300000, 0x00000000e0000000)
  object space 84992K, 0% used [0x00000000a0000000,0x00000000a0002000,0x00000000a5300000)
 Metaspace       used 9039K, capacity 9276K, committed 9600K, reserved 1056768K
  class space    used 1204K, capacity 1324K, committed 1408K, reserved 1048576K
Event: 1.397 GC heap after
Heap after GC invocations=2 (full 0):
 PSYoungGen      total 68608K, used 4675K [0x00000000e0000000, 0x00000000e4800000, 0x0000000100000000)
  eden space 63488K, 0% used [0x00000000e0000000,0x00000000e0000000,0x00000000e3e00000)
  from space 5120K, 91% used [0x00000000e4300000,0x00000000e4790d60,0x00000000e4800000)
  to   space 5120K, 0% used [0x00000000e3e00000,0x00000000e3e00000,0x00000000e4300000)
 ParOldGen       total 84992K, used 16K [0x00000000a0000000, 0x00000000a5300000, 0x00000000e0000000)
  object space 84992K, 0% used [0x00000000a0000000,0x00000000a0004000,0x00000000a5300000)
 Metaspace       used 9039K, capacity 9276K, committed 9600K, reserved 1056768K
  class space    used 1204K, capacity 1324K, committed 1408K, reserved 1048576K
}
Event: 3.788 GC heap before
{Heap before GC invocations=3 (full 0):
 PSYoungGen      total 68608K, used 68163K [0x00000000e0000000, 0x00000000e4800000, 0x0000000100000000)
  eden space 63488K, 100% used [0x00000000e0000000,0x00000000e3e00000,0x00000000e3e00000)
  from space 5120K, 91% used [0x00000000e4300000,0x00000000e4790d60,0x00000000e4800000)
  to   space 5120K, 0% used [0x00000000e3e00000,0x00000000e3e00000,0x00000000e4300000)
 ParOldGen       total 84992K, used 16K [0x00000000a0000000, 0x00000000a5300000, 0x00000000e0000000)
  object space 84992K, 0% used [0x00000000a0000000,0x00000000a0004000,0x00000000a5300000)
 Metaspace       used 16083K, capacity 16478K, committed 16640K, reserved 1062912K
  class space    used 2294K, capacity 2453K, committed 2560K, reserved 1048576K
Event: 3.803 GC heap after
Heap after GC invocations=3 (full 0):
 PSYoungGen      total 68608K, used 5088K [0x00000000e0000000, 0x00000000e8600000, 0x0000000100000000)
  eden space 63488K, 0% used [0x00000000e0000000,0x00000000e0000000,0x00000000e3e00000)
  from space 5120K, 99% used [0x00000000e3e00000,0x00000000e42f8020,0x00000000e4300000)
  to   space 5120K, 0% used [0x00000000e8100000,0x00000000e8100000,0x00000000e8600000)
 ParOldGen       total 84992K, used 5459K [0x00000000a0000000, 0x00000000a5300000, 0x00000000e0000000)
  object space 84992K, 6% used [0x00000000a0000000,0x00000000a0554e68,0x00000000a5300000)
 Metaspace       used 16083K, capacity 16478K, committed 16640K, reserved 1062912K
  class space    used 2294K, capacity 2453K, committed 2560K, reserved 1048576K
}
Event: 5.582 GC heap before
{Heap before GC invocations=4 (full 0):
 PSYoungGen      total 68608K, used 48486K [0x00000000e0000000, 0x00000000e8600000, 0x0000000100000000)
  eden space 63488K, 68% used [0x00000000e0000000,0x00000000e2a61b90,0x00000000e3e00000)
  from space 5120K, 99% used [0x00000000e3e00000,0x00000000e42f8020,0x00000000e4300000)
  to   space 5120K, 0% used [0x00000000e8100000,0x00000000e8100000,0x00000000e8600000)
 ParOldGen       total 84992K, used 5459K [0x00000000a0000000, 0x00000000a5300000, 0x00000000e0000000)
  object space 84992K, 6% used [0x00000000a0000000,0x00000000a0554e68,0x00000000a5300000)
 Metaspace       used 20670K, capacity 21148K, committed 21296K, reserved 1067008K
  class space    used 2908K, capacity 3119K, committed 3200K, reserved 1048576K
Event: 5.591 GC heap after
Heap after GC invocations=4 (full 0):
 PSYoungGen      total 68608K, used 5088K [0x00000000e0000000, 0x00000000e8600000, 0x0000000100000000)
  eden space 63488K, 0% used [0x00000000e0000000,0x00000000e0000000,0x00000000e3e00000)
  from space 5120K, 99% used [0x00000000e8100000,0x00000000e85f8020,0x00000000e8600000)
  to   space 5120K, 0% used [0x00000000e3e00000,0x00000000e3e00000,0x00000000e4300000)
 ParOldGen       total 84992K, used 10550K [0x00000000a0000000, 0x00000000a5300000, 0x00000000e0000000)
  object space 84992K, 12% used [0x00000000a0000000,0x00000000a0a4dbc8,0x00000000a5300000)
 Metaspace       used 20670K, capacity 21148K, committed 21296K, reserved 1067008K
  class space    used 2908K, capacity 3119K, committed 3200K, reserved 1048576K
}
Event: 5.591 GC heap before
{Heap before GC invocations=5 (full 1):
 PSYoungGen      total 68608K, used 5088K [0x00000000e0000000, 0x00000000e8600000, 0x0000000100000000)
  eden space 63488K, 0% used [0x00000000e0000000,0x00000000e0000000,0x00000000e3e00000)
  from space 5120K, 99% used [0x00000000e8100000,0x00000000e85f8020,0x00000000e8600000)
  to   space 5120K, 0% used [0x00000000e3e00000,0x00000000e3e00000,0x00000000e4300000)
 ParOldGen       total 84992K, used 10550K [0x00000000a0000000, 0x00000000a5300000, 0x00000000e0000000)
  object space 84992K, 12% used [0x00000000a0000000,0x00000000a0a4dbc8,0x00000000a5300000)
 Metaspace       used 20670K, capacity 21148K, committed 21296K, reserved 1067008K
  class space    used 2908K, capacity 3119K, committed 3200K, reserved 1048576K
Event: 5.677 GC heap after
Heap after GC invocations=5 (full 1):
 PSYoungGen      total 68608K, used 0K [0x00000000e0000000, 0x00000000e8600000, 0x0000000100000000)
  eden space 63488K, 0% used [0x00000000e0000000,0x00000000e0000000,0x00000000e3e00000)
  from space 5120K, 0% used [0x00000000e8100000,0x00000000e8100000,0x00000000e8600000)
  to   space 5120K, 0% used [0x00000000e3e00000,0x00000000e3e00000,0x00000000e4300000)
 ParOldGen       total 69632K, used 10162K [0x00000000a0000000, 0x00000000a4400000, 0x00000000e0000000)
  object space 69632K, 14% used [0x00000000a0000000,0x00000000a09ec9c8,0x00000000a4400000)
 Metaspace       used 20670K, capacity 21148K, committed 21296K, reserved 1067008K
  class space    used 2908K, capacity 3119K, committed 3200K, reserved 1048576K
}
Event: 6.565 GC heap before
{Heap before GC invocations=6 (full 1):
 PSYoungGen      total 68608K, used 63488K [0x00000000e0000000, 0x00000000e8600000, 0x0000000100000000)
  eden space 63488K, 100% used [0x00000000e0000000,0x00000000e3e00000,0x00000000e3e00000)
  from space 5120K, 0% used [0x00000000e8100000,0x00000000e8100000,0x00000000e8600000)
  to   space 5120K, 0% used [0x00000000e3e00000,0x00000000e3e00000,0x00000000e4300000)
 ParOldGen       total 69632K, used 10162K [0x00000000a0000000, 0x00000000a4400000, 0x00000000e0000000)
  object space 69632K, 14% used [0x00000000a0000000,0x00000000a09ec9c8,0x00000000a4400000)
 Metaspace       used 26585K, capacity 27078K, committed 27264K, reserved 1073152K
  class space    used 3707K, capacity 3898K, committed 3968K, reserved 1048576K
Event: 6.571 GC heap after
Heap after GC invocations=6 (full 1):
 PSYoungGen      total 68608K, used 5099K [0x00000000e0000000, 0x00000000e8180000, 0x0000000100000000)
  eden space 63488K, 0% used [0x00000000e0000000,0x00000000e0000000,0x00000000e3e00000)
  from space 5120K, 99% used [0x00000000e3e00000,0x00000000e42fade0,0x00000000e4300000)
  to   space 12288K, 0% used [0x00000000e7580000,0x00000000e7580000,0x00000000e8180000)
 ParOldGen       total 69632K, used 11466K [0x00000000a0000000, 0x00000000a4400000, 0x00000000e0000000)
  object space 69632K, 16% used [0x00000000a0000000,0x00000000a0b32bd8,0x00000000a4400000)
 Metaspace       used 26585K, capacity 27078K, committed 27264K, reserved 1073152K
  class space    used 3707K, capacity 3898K, committed 3968K, reserved 1048576K
}

