# JRE version: OpenJDK Runtime Environment (8.0_152-b01) (build 1.8.0_152-release-1248-b01)
# Java VM: OpenJDK 64-Bit Server VM (25.152-b01 mixed mode windows-amd64 compressed oops)
Heap:
 PSYoungGen      total 241664K, used 123784K [0x00000000e0000000, 0x00000000f6300000, 0x0000000100000000)
  eden space 221184K, 51% used [0x00000000e0000000,0x00000000e6f948e8,0x00000000ed800000)
  from space 20480K, 46% used [0x00000000ed800000,0x00000000ee14d880,0x00000000eec00000)
  to   space 19456K, 0% used [0x00000000f5000000,0x00000000f5000000,0x00000000f6300000)
 ParOldGen       total 115712K, used 30374K [0x00000000a0000000, 0x00000000a7100000, 0x00000000e0000000)
  object space 115712K, 26% used [0x00000000a0000000,0x00000000a1da9a28,0x00000000a7100000)
 Metaspace       used 70723K, capacity 72852K, committed 73008K, reserved 1112064K
  class space    used 9418K, capacity 9937K, committed 10032K, reserved 1048576K
GC Heap History (10 events):
Event: 19.923 GC heap before
{Heap before GC invocations=14 (full 2):
 PSYoungGen      total 148992K, used 39727K [0x00000000e0000000, 0x00000000ed680000, 0x0000000100000000)
  eden space 135168K, 19% used [0x00000000e0000000,0x00000000e194d658,0x00000000e8400000)
  from space 13824K, 99% used [0x00000000e8400000,0x00000000e917e960,0x00000000e9180000)
  to   space 18944K, 0% used [0x00000000ec400000,0x00000000ec400000,0x00000000ed680000)
 ParOldGen       total 77824K, used 29687K [0x00000000a0000000, 0x00000000a4c00000, 0x00000000e0000000)
  object space 77824K, 38% used [0x00000000a0000000,0x00000000a1cfdd40,0x00000000a4c00000)
 Metaspace       used 57650K, capacity 59122K, committed 59160K, reserved 1099776K
  class space    used 7920K, capacity 8330K, committed 8368K, reserved 1048576K
Event: 19.933 GC heap after
Heap after GC invocations=14 (full 2):
 PSYoungGen      total 200704K, used 3091K [0x00000000e0000000, 0x00000000ed800000, 0x0000000100000000)
  eden space 181760K, 0% used [0x00000000e0000000,0x00000000e0000000,0x00000000eb180000)
  from space 18944K, 16% used [0x00000000ec400000,0x00000000ec704e80,0x00000000ed680000)
  to   space 18944K, 0% used [0x00000000eb180000,0x00000000eb180000,0x00000000ec400000)
 ParOldGen       total 77824K, used 34887K [0x00000000a0000000, 0x00000000a4c00000, 0x00000000e0000000)
  object space 77824K, 44% used [0x00000000a0000000,0x00000000a2211f70,0x00000000a4c00000)
 Metaspace       used 57650K, capacity 59122K, committed 59160K, reserved 1099776K
  class space    used 7920K, capacity 8330K, committed 8368K, reserved 1048576K
}
Event: 19.933 GC heap before
{Heap before GC invocations=15 (full 3):
 PSYoungGen      total 200704K, used 3091K [0x00000000e0000000, 0x00000000ed800000, 0x0000000100000000)
  eden space 181760K, 0% used [0x00000000e0000000,0x00000000e0000000,0x00000000eb180000)
  from space 18944K, 16% used [0x00000000ec400000,0x00000000ec704e80,0x00000000ed680000)
  to   space 18944K, 0% used [0x00000000eb180000,0x00000000eb180000,0x00000000ec400000)
 ParOldGen       total 77824K, used 34887K [0x00000000a0000000, 0x00000000a4c00000, 0x00000000e0000000)
  object space 77824K, 44% used [0x00000000a0000000,0x00000000a2211f70,0x00000000a4c00000)
 Metaspace       used 57650K, capacity 59122K, committed 59160K, reserved 1099776K
  class space    used 7920K, capacity 8330K, committed 8368K, reserved 1048576K
Event: 20.147 GC heap after
Heap after GC invocations=15 (full 3):
 PSYoungGen      total 200704K, used 0K [0x00000000e0000000, 0x00000000ed800000, 0x0000000100000000)
  eden space 181760K, 0% used [0x00000000e0000000,0x00000000e0000000,0x00000000eb180000)
  from space 18944K, 0% used [0x00000000ec400000,0x00000000ec400000,0x00000000ed680000)
  to   space 18944K, 0% used [0x00000000eb180000,0x00000000eb180000,0x00000000ec400000)
 ParOldGen       total 115712K, used 30350K [0x00000000a0000000, 0x00000000a7100000, 0x00000000e0000000)
  object space 115712K, 26% used [0x00000000a0000000,0x00000000a1da3a28,0x00000000a7100000)
 Metaspace       used 57650K, capacity 59122K, committed 59160K, reserved 1099776K
  class space    used 7920K, capacity 8330K, committed 8368K, reserved 1048576K
}
Event: 40.398 GC heap before
{Heap before GC invocations=16 (full 3):
 PSYoungGen      total 200704K, used 181760K [0x00000000e0000000, 0x00000000ed800000, 0x0000000100000000)
  eden space 181760K, 100% used [0x00000000e0000000,0x00000000eb180000,0x00000000eb180000)
  from space 18944K, 0% used [0x00000000ec400000,0x00000000ec400000,0x00000000ed680000)
  to   space 18944K, 0% used [0x00000000eb180000,0x00000000eb180000,0x00000000ec400000)
 ParOldGen       total 115712K, used 30350K [0x00000000a0000000, 0x00000000a7100000, 0x00000000e0000000)
  object space 115712K, 26% used [0x00000000a0000000,0x00000000a1da3a28,0x00000000a7100000)
 Metaspace       used 65339K, capacity 66982K, committed 67120K, reserved 1107968K
  class space    used 8815K, capacity 9242K, committed 9264K, reserved 1048576K
Event: 40.410 GC heap after
Heap after GC invocations=16 (full 3):
 PSYoungGen      total 200704K, used 12526K [0x00000000e0000000, 0x00000000eff00000, 0x0000000100000000)
  eden space 181760K, 0% used [0x00000000e0000000,0x00000000e0000000,0x00000000eb180000)
  from space 18944K, 66% used [0x00000000eb180000,0x00000000ebdbba28,0x00000000ec400000)
  to   space 19456K, 0% used [0x00000000eec00000,0x00000000eec00000,0x00000000eff00000)
 ParOldGen       total 115712K, used 30358K [0x00000000a0000000, 0x00000000a7100000, 0x00000000e0000000)
  object space 115712K, 26% used [0x00000000a0000000,0x00000000a1da5a28,0x00000000a7100000)
 Metaspace       used 65339K, capacity 66982K, committed 67120K, reserved 1107968K
  class space    used 8815K, capacity 9242K, committed 9264K, reserved 1048576K
}
Event: 42.195 GC heap before
{Heap before GC invocations=17 (full 3):
 PSYoungGen      total 200704K, used 194040K [0x00000000e0000000, 0x00000000eff00000, 0x0000000100000000)
  eden space 181760K, 99% used [0x00000000e0000000,0x00000000eb142948,0x00000000eb180000)
  from space 18944K, 66% used [0x00000000eb180000,0x00000000ebdbba28,0x00000000ec400000)
  to   space 19456K, 0% used [0x00000000eec00000,0x00000000eec00000,0x00000000eff00000)
 ParOldGen       total 115712K, used 30358K [0x00000000a0000000, 0x00000000a7100000, 0x00000000e0000000)
  object space 115712K, 26% used [0x00000000a0000000,0x00000000a1da5a28,0x00000000a7100000)
 Metaspace       used 68294K, capacity 70006K, committed 70320K, reserved 1110016K
  class space    used 9104K, capacity 9544K, committed 9648K, reserved 1048576K
Event: 42.208 GC heap after
Heap after GC invocations=17 (full 3):
 PSYoungGen      total 240640K, used 14448K [0x00000000e0000000, 0x00000000f0000000, 0x0000000100000000)
  eden space 221184K, 0% used [0x00000000e0000000,0x00000000e0000000,0x00000000ed800000)
  from space 19456K, 74% used [0x00000000eec00000,0x00000000efa1c1a8,0x00000000eff00000)
  to   space 20480K, 0% used [0x00000000ed800000,0x00000000ed800000,0x00000000eec00000)
 ParOldGen       total 115712K, used 30366K [0x00000000a0000000, 0x00000000a7100000, 0x00000000e0000000)
  object space 115712K, 26% used [0x00000000a0000000,0x00000000a1da7a28,0x00000000a7100000)
 Metaspace       used 68294K, capacity 70006K, committed 70320K, reserved 1110016K
  class space    used 9104K, capacity 9544K, committed 9648K, reserved 1048576K
}
Event: 42.242 GC heap before
{Heap before GC invocations=18 (full 3):
 PSYoungGen      total 240640K, used 235632K [0x00000000e0000000, 0x00000000f0000000, 0x0000000100000000)
  eden space 221184K, 100% used [0x00000000e0000000,0x00000000ed800000,0x00000000ed800000)
  from space 19456K, 74% used [0x00000000eec00000,0x00000000efa1c1a8,0x00000000eff00000)
  to   space 20480K, 0% used [0x00000000ed800000,0x00000000ed800000,0x00000000eec00000)
 ParOldGen       total 115712K, used 30366K [0x00000000a0000000, 0x00000000a7100000, 0x00000000e0000000)
  object space 115712K, 26% used [0x00000000a0000000,0x00000000a1da7a28,0x00000000a7100000)
 Metaspace       used 68309K, capacity 70070K, committed 70320K, reserved 1110016K
  class space    used 9104K, capacity 9544K, committed 9648K, reserved 1048576K
Event: 42.249 GC heap after
Heap after GC invocations=18 (full 3):
 PSYoungGen      total 241664K, used 9526K [0x00000000e0000000, 0x00000000f6300000, 0x0000000100000000)
  eden space 221184K, 0% used [0x00000000e0000000,0x00000000e0000000,0x00000000ed800000)
  from space 20480K, 46% used [0x00000000ed800000,0x00000000ee14d880,0x00000000eec00000)
  to   space 19456K, 0% used [0x00000000f5000000,0x00000000f5000000,0x00000000f6300000)
 ParOldGen       total 115712K, used 30374K [0x00000000a0000000, 0x00000000a7100000, 0x00000000e0000000)
  object space 115712K, 26% used [0x00000000a0000000,0x00000000a1da9a28,0x00000000a7100000)
 Metaspace       used 68309K, capacity 70070K, committed 70320K, reserved 1110016K
  class space    used 9104K, capacity 9544K, committed 9648K, reserved 1048576K
}

